[2024-10-08T19:47:51.120+0000] {local_task_job_runner.py:120} INFO - ::group::Pre task execution logs
[2024-10-08T19:47:51.153+0000] {taskinstance.py:2076} INFO - Dependencies all met for dep_context=non-requeueable deps ti=<TaskInstance: update_database.get_starting_date manual__2024-10-08T19:47:46.718676+00:00 [queued]>
[2024-10-08T19:47:51.165+0000] {taskinstance.py:2076} INFO - Dependencies all met for dep_context=requeueable deps ti=<TaskInstance: update_database.get_starting_date manual__2024-10-08T19:47:46.718676+00:00 [queued]>
[2024-10-08T19:47:51.166+0000] {taskinstance.py:2306} INFO - Starting attempt 1 of 2
[2024-10-08T19:47:51.192+0000] {taskinstance.py:2330} INFO - Executing <Task(PythonOperator): get_starting_date> on 2024-10-08 19:47:46.718676+00:00
[2024-10-08T19:47:51.202+0000] {warnings.py:112} WARNING - /home/***/.local/lib/python3.12/site-packages/***/task/task_runner/standard_task_runner.py:61: DeprecationWarning: This process (pid=4371) is multi-threaded, use of fork() may lead to deadlocks in the child.
  pid = os.fork()

[2024-10-08T19:47:51.204+0000] {standard_task_runner.py:63} INFO - Started process 4373 to run task
[2024-10-08T19:47:51.204+0000] {standard_task_runner.py:90} INFO - Running: ['***', 'tasks', 'run', 'update_database', 'get_starting_date', 'manual__2024-10-08T19:47:46.718676+00:00', '--job-id', '3854', '--raw', '--subdir', 'DAGS_FOLDER/update.py', '--cfg-path', '/tmp/tmpawk7vney']
[2024-10-08T19:47:51.205+0000] {standard_task_runner.py:91} INFO - Job 3854: Subtask get_starting_date
[2024-10-08T19:47:51.267+0000] {task_command.py:426} INFO - Running <TaskInstance: update_database.get_starting_date manual__2024-10-08T19:47:46.718676+00:00 [running]> on host 1fee8bc549a8
[2024-10-08T19:47:51.405+0000] {taskinstance.py:2648} INFO - Exporting env vars: AIRFLOW_CTX_DAG_OWNER='***' AIRFLOW_CTX_DAG_ID='update_database' AIRFLOW_CTX_TASK_ID='get_starting_date' AIRFLOW_CTX_EXECUTION_DATE='2024-10-08T19:47:46.718676+00:00' AIRFLOW_CTX_TRY_NUMBER='1' AIRFLOW_CTX_DAG_RUN_ID='manual__2024-10-08T19:47:46.718676+00:00'
[2024-10-08T19:47:51.407+0000] {taskinstance.py:430} INFO - ::endgroup::
[2024-10-08T19:47:51.417+0000] {logging_mixin.py:188} INFO - 2024-05-19 15:00:00 Ross County
[2024-10-08T19:47:51.418+0000] {python.py:237} INFO - Done. Returned value was: (datetime.date(2024, 5, 19), datetime.time(15, 0), 'Ross County')
[2024-10-08T19:47:51.421+0000] {taskinstance.py:441} INFO - ::group::Post task execution logs
[2024-10-08T19:47:51.433+0000] {xcom.py:675} ERROR - Object of type tuple is not JSON serializable. If you are using pickle instead of JSON for XCom, then you need to enable pickle support for XCom in your *** config or make sure to decorate your object with attr.
[2024-10-08T19:47:51.436+0000] {taskinstance.py:2905} ERROR - Task failed with exception
Traceback (most recent call last):
  File "/home/airflow/.local/lib/python3.12/site-packages/airflow/utils/json.py", line 91, in default
    return serialize(o)
           ^^^^^^^^^^^^
  File "/home/airflow/.local/lib/python3.12/site-packages/airflow/serialization/serde.py", line 150, in serialize
    return encode(classname or serialized_classname, version, serialize(data, depth + 1))
                                                              ^^^^^^^^^^^^^^^^^^^^^^^^^^
  File "/home/airflow/.local/lib/python3.12/site-packages/airflow/serialization/serde.py", line 127, in serialize
    return [serialize(d, depth + 1) for d in o]
            ^^^^^^^^^^^^^^^^^^^^^^^
  File "/home/airflow/.local/lib/python3.12/site-packages/airflow/serialization/serde.py", line 189, in serialize
    raise TypeError(f"cannot serialize object of type {cls}")
TypeError: cannot serialize object of type <class 'datetime.time'>

During handling of the above exception, another exception occurred:

Traceback (most recent call last):
  File "/home/airflow/.local/lib/python3.12/site-packages/airflow/models/taskinstance.py", line 486, in _execute_task
    task_instance.xcom_push(key=XCOM_RETURN_KEY, value=xcom_value, session=session)
  File "/home/airflow/.local/lib/python3.12/site-packages/airflow/utils/session.py", line 76, in wrapper
    return func(*args, **kwargs)
           ^^^^^^^^^^^^^^^^^^^^^
  File "/home/airflow/.local/lib/python3.12/site-packages/airflow/models/taskinstance.py", line 3197, in xcom_push
    XCom.set(
  File "/home/airflow/.local/lib/python3.12/site-packages/airflow/utils/session.py", line 76, in wrapper
    return func(*args, **kwargs)
           ^^^^^^^^^^^^^^^^^^^^^
  File "/home/airflow/.local/lib/python3.12/site-packages/airflow/models/xcom.py", line 246, in set
    value = cls.serialize_value(
            ^^^^^^^^^^^^^^^^^^^^
  File "/home/airflow/.local/lib/python3.12/site-packages/airflow/models/xcom.py", line 673, in serialize_value
    return json.dumps(value, cls=XComEncoder).encode("UTF-8")
           ^^^^^^^^^^^^^^^^^^^^^^^^^^^^^^^^^^
  File "/usr/local/lib/python3.12/json/__init__.py", line 238, in dumps
    **kw).encode(obj)
          ^^^^^^^^^^^
  File "/home/airflow/.local/lib/python3.12/site-packages/airflow/utils/json.py", line 102, in encode
    o = self.default(o)
        ^^^^^^^^^^^^^^^
  File "/home/airflow/.local/lib/python3.12/site-packages/airflow/utils/json.py", line 93, in default
    return super().default(o)
           ^^^^^^^^^^^^^^^^^^
  File "/usr/local/lib/python3.12/json/encoder.py", line 180, in default
    raise TypeError(f'Object of type {o.__class__.__name__} '
TypeError: Object of type tuple is not JSON serializable
[2024-10-08T19:47:51.462+0000] {taskinstance.py:1206} INFO - Marking task as UP_FOR_RETRY. dag_id=update_database, task_id=get_starting_date, run_id=manual__2024-10-08T19:47:46.718676+00:00, execution_date=20241008T194746, start_date=20241008T194751, end_date=20241008T194751
[2024-10-08T19:47:51.493+0000] {standard_task_runner.py:110} ERROR - Failed to execute job 3854 for task get_starting_date (Object of type tuple is not JSON serializable; 4373)
[2024-10-08T19:47:51.538+0000] {local_task_job_runner.py:240} INFO - Task exited with return code 1
[2024-10-08T19:47:51.569+0000] {taskinstance.py:3503} INFO - 0 downstream tasks scheduled from follow-on schedule check
[2024-10-08T19:47:51.572+0000] {local_task_job_runner.py:222} INFO - ::endgroup::
